            --------------------------------------------------------
                             AMBER SQM VERSION 19
 
                                     By
              Ross C. Walker, Michael F. Crowley, Scott Brozell,
                         Tim Giese, Andreas W. Goetz,
                        Tai-Sung Lee and David A. Case
 
            --------------------------------------------------------
 

--------------------------------------------------------------------------------
  QM CALCULATION INFO
--------------------------------------------------------------------------------

| QMMM: Citation for AMBER QMMM Run:
| QMMM: R.C. Walker, M.F. Crowley and D.A. Case, J. COMP. CHEM. 29:1019, 2008

QMMM: SINGLET STATE CALCULATION
QMMM: RHF CALCULATION, NO. OF DOUBLY OCCUPIED LEVELS =100

| QMMM: *** Selected Hamiltonian *** 
| QMMM: AM1         

| QMMM: *** Parameter sets in use ***
| QMMM: S : M.J.S.DEWAR et al. INORG. CHEM., 29, 3881, (1990)
| QMMM: F : M.J.S.DEWAR et al. THEOCHEM, 180, 1, (1988)
| QMMM: O : M.J.S.DEWAR et al. JACS, 107, 3902, (1985)
| QMMM: N : M.J.S.DEWAR et al. JACS, 107, 3902, (1985)
| QMMM: C : M.J.S.DEWAR et al. JACS, 107, 3902, (1985)
| QMMM: H : M.J.S.DEWAR et al. JACS, 107, 3902, (1985)

| QMMM: *** SCF convergence criteria ***
| QMMM: Energy change                :  0.1D-09 kcal/mol
| QMMM: Error matrix |FP-PF|         :  0.1D+00 au
| QMMM: Density matrix change        :  0.5D-06
| QMMM: Maximum number of SCF cycles :     1000

| QMMM: *** Diagonalization Routine Information ***
| QMMM: Pseudo diagonalizations are allowed.
| QMMM: Auto diagonalization routine selection is in use.
| QMMM:
| QMMM: Timing diagonalization routines:
| QMMM:                              norbs =      176
| QMMM:    diag iterations used for timing =        5
| QMMM:
| QMMM:              Internal diag routine = 0.063931 seconds
| QMMM:                 Dspev diag routine = 0.068789 seconds
| QMMM:                Dspevd diag routine = 0.039922 seconds
| QMMM:                Dspevx diag routine = 0.168204 seconds
| QMMM:                 Dsyev diag routine = 0.049309 seconds
| QMMM:                Dsyevd diag routine = 0.033470 seconds
| QMMM:                Dsyevr diag routine = 0.035525 seconds
| QMMM:
| QMMM:                Pseudo diag routine = 0.021752 seconds
| QMMM:
| QMMM: Using dsyevd routine (diag_routine=6).

  QMMM: QM Region Cartesian Coordinates (*=link atom) 
  QMMM: QM_NO.   MM_NO.  ATOM         X         Y         Z
  QMMM:     1        1      S      134.2030  113.0510  128.6530
  QMMM:     2        2      F      126.9060  115.1420  138.0160
  QMMM:     3        3      F      127.4950  115.2420  135.9290
  QMMM:     4        4      F      126.2170  116.7820  136.7820
  QMMM:     5        5      O      132.8160  112.5710  128.6930
  QMMM:     6        6      O      135.0350  112.8080  127.4690
  QMMM:     7        7      O      136.5350  114.4370  130.5010
  QMMM:     8        8      O      130.9420  119.6010  131.7330
  QMMM:     9        9      N      134.1860  114.7590  128.9040
  QMMM:    10       10      N      128.6570  117.0350  138.8290
  QMMM:    11       11      N      129.5240  116.0280  138.0770
  QMMM:    12       12      N      130.7010  117.8640  133.1910
  QMMM:    13       13      N      130.1970  115.5010  131.7090
  QMMM:    14       14      C      135.1050  112.4920  130.1320
  QMMM:    15       15      C      136.5360  113.0530  130.2060
  QMMM:    16       16      C      130.1670  114.0630  131.9920
  QMMM:    17       17      C      128.9280  116.0190  131.1900
  QMMM:    18       18      C      129.1760  120.1700  135.7460
  QMMM:    19       19      C      129.8380  119.7650  134.5700
  QMMM:    20       20      C      133.5480  116.9870  129.5320
  QMMM:    21       21      C      128.7440  119.2110  136.6850
  QMMM:    22       22      C      132.7570  117.8760  130.2780
  QMMM:    23       23      C      128.9940  113.6970  132.9130
  QMMM:    24       24      C      127.7600  115.6760  132.1210
  QMMM:    25       25      C      126.9560  113.3310  131.3050
  QMMM:    26       26      C      126.3610  113.5240  132.6820
  QMMM:    27       27      C      132.1560  115.1450  130.2670
  QMMM:    28       28      C      129.6290  117.4430  135.2800
  QMMM:    29       29      C      131.0460  118.4050  132.0170
  QMMM:    30       30      C      133.2810  115.6070  129.5530
  QMMM:    31       31      C      130.0600  118.3900  134.3330
  QMMM:    32       32      C      131.3310  116.0210  131.0240
  QMMM:    33       33      C      128.9650  117.8360  136.4560
  QMMM:    34       34      C      131.6910  117.4100  131.0790
  QMMM:    35       35      C      127.2410  115.9640  137.0200
  QMMM:    36       36      C      128.4800  116.7820  137.4090
  QMMM:    37       37      C      127.6750  114.1780  132.3290
  QMMM:    38       38      H      137.4770  114.7700  130.5420
  QMMM:    39       39      H      134.9730  115.2330  128.5100
  QMMM:    40       40      H      129.0460  117.9010  139.1420
  QMMM:    41       41      H      129.4130  115.0470  138.2390
  QMMM:    42       42      H      130.9450  116.8980  133.2760
  QMMM:    43       43      H      135.1540  111.4930  130.1180
  QMMM:    44       44      H      134.6030  112.7900  130.9440
  QMMM:    45       45      H      137.0390  112.5680  130.9220
  QMMM:    46       46      H      136.9880  112.9090  129.3260
  QMMM:    47       47      H      131.0240  113.8010  132.4370
  QMMM:    48       48      H      130.0720  113.5640  131.1310
  QMMM:    49       49      H      128.7560  115.6170  130.2910
  QMMM:    50       50      H      128.9940  117.0130  131.1030
  QMMM:    51       51      H      129.0120  121.1420  135.9150
  QMMM:    52       52      H      130.1490  120.4460  133.9070
  QMMM:    53       53      H      134.3060  117.3380  128.9820
  QMMM:    54       54      H      128.2780  119.5070  137.5190
  QMMM:    55       55      H      132.9520  118.8560  130.2410
  QMMM:    56       56      H      129.1330  114.1260  133.8060
  QMMM:    57       57      H      128.9610  112.7040  133.0220
  QMMM:    58       58      H      126.9070  116.0010  131.7130
  QMMM:    59       59      H      127.9000  116.1240  133.0040
  QMMM:    60       60      H      126.5290  113.7620  130.5100
  QMMM:    61       61      H      127.3290  112.4410  131.0410
  QMMM:    62       62      H      126.3400  112.7620  133.3290
  QMMM:    63       63      H      125.5400  114.0830  132.7980
  QMMM:    64       64      H      131.9320  114.1710  130.2400
  QMMM:    65       65      H      129.7980  116.4720  135.1140

--------------------------------------------------------------------------------
  RESULTS
--------------------------------------------------------------------------------

      iter         sqm energy              rms gradient
      ----    -------------------    -----------------------
xmin    10     -164.6003 kcal/mol        0.7398 kcal/(mol*A)
xmin    20     -166.0026 kcal/mol        0.2815 kcal/(mol*A)
xmin    30     -166.3066 kcal/mol        0.0705 kcal/(mol*A)
xmin    40     -166.3741 kcal/mol        0.1048 kcal/(mol*A)
xmin    50     -166.4078 kcal/mol        0.0808 kcal/(mol*A)
xmin    60     -166.4157 kcal/mol        0.0193 kcal/(mol*A)
xmin    70     -166.4161 kcal/mol        0.0041 kcal/(mol*A)
  ... geometry converged !
 
 Final MO eigenvalues (eV):
 -52.0347  -48.7528  -48.7058  -42.1263  -41.3988  -40.3665  -39.8105  -39.2547
 -38.6109  -38.1928  -37.7442  -37.5900  -35.7377  -35.4945  -33.0916  -32.3901
 -32.2525  -31.9791  -31.1850  -30.0379  -29.2138  -28.4282  -27.4062  -25.5066
 -24.9883  -24.8554  -24.5652  -24.1369  -23.2828  -23.1685  -22.6110  -22.3687
 -21.1472  -20.6725  -19.7105  -19.6810  -19.5828  -19.4732  -19.4499  -19.0136
 -18.8767  -18.7329  -18.3796  -17.8321  -17.3267  -17.2101  -16.9194  -16.7965
 -16.5389  -16.3586  -16.2733  -16.1968  -16.0191  -15.9168  -15.5357  -15.4988
 -15.4048  -15.3219  -15.2992  -15.1409  -14.9763  -14.9509  -14.7903  -14.7575
 -14.6665  -14.5075  -14.4693  -14.4347  -14.3421  -14.2054  -13.9597  -13.8689
 -13.6102  -13.5776  -13.4845  -13.2655  -13.2138  -13.1649  -13.1057  -13.0401
 -12.8843  -12.6306  -12.4612  -12.4023  -12.2702  -12.2471  -12.0455  -11.9385
 -11.7302  -11.6193  -11.4992  -11.1260  -11.0371  -10.9378  -10.7725  -10.3931
  -9.9631   -9.6064   -9.0341   -8.8980   -1.0053   -0.2527    0.0069    0.0542
   0.1973    1.1458    1.3923    1.4375    1.6569    1.7900    2.1298    2.2722
   2.3436    2.3691    2.4483    2.6401    2.7861    2.8169    2.8885    2.9725
   3.1557    3.2947    3.3280    3.3656    3.3943    3.4491    3.4938    3.5093
   3.5484    3.5877    3.6620    3.7054    3.7507    3.8108    3.8586    3.9195
   3.9490    3.9702    3.9906    4.0583    4.1106    4.1323    4.2222    4.2524
   4.2711    4.3106    4.3766    4.4352    4.5290    4.5608    4.6363    4.6971
   4.7136    4.7287    4.7619    4.8061    4.8600    4.9583    4.9834    5.0296
   5.0653    5.0730    5.0997    5.1403    5.1741    5.1908    5.2034    5.3148
   5.3487    5.4442    5.4661    5.8389    5.8783    6.0795    6.1521    6.9342


 Heat of formation   =       -166.41619168 kcal/mol  (       -7.21634759 eV)

 Total SCF energy    =    -171163.64932337 kcal/mol  (    -7422.21279751 eV)
 Electronic energy   =   -1440694.69625898 kcal/mol  (   -62473.21001947 eV)
 Core-core repulsion =    1269531.04693561 kcal/mol  (    55050.99722196 eV)
 
    Atomic Charges for Step       1 :
  Atom    Element       Mulliken Charge
     1      S                  2.820
     2      F                 -0.165
     3      F                 -0.152
     4      F                 -0.151
     5      O                 -0.934
     6      O                 -0.924
     7      O                 -0.359
     8      O                 -0.355
     9      N                 -0.830
    10      N                 -0.176
    11      N                 -0.169
    12      N                 -0.308
    13      N                 -0.250
    14      C                 -0.857
    15      C                  0.007
    16      C                 -0.060
    17      C                 -0.056
    18      C                 -0.107
    19      C                 -0.140
    20      C                 -0.202
    21      C                 -0.138
    22      C                 -0.039
    23      C                 -0.123
    24      C                 -0.125
    25      C                 -0.205
    26      C                 -0.203
    27      C                 -0.242
    28      C                 -0.138
    29      C                  0.367
    30      C                  0.140
    31      C                  0.077
    32      C                  0.111
    33      C                 -0.064
    34      C                 -0.174
    35      C                  0.447
    36      C                 -0.061
    37      C                 -0.118
    38      H                  0.220
    39      H                  0.268
    40      H                  0.184
    41      H                  0.181
    42      H                  0.247
    43      H                  0.168
    44      H                  0.167
    45      H                  0.083
    46      H                  0.098
    47      H                  0.099
    48      H                  0.073
    49      H                  0.070
    50      H                  0.105
    51      H                  0.141
    52      H                  0.177
    53      H                  0.142
    54      H                  0.146
    55      H                  0.152
    56      H                  0.092
    57      H                  0.090
    58      H                  0.091
    59      H                  0.099
    60      H                  0.111
    61      H                  0.111
    62      H                  0.111
    63      H                  0.113
    64      H                  0.170
    65      H                  0.147
 Total Mulliken Charge =      -0.000
 
                  X        Y        Z     TOTAL  
  QM DIPOLE     6.637   -1.910   -1.511    7.069
 
 Final Structure

  QMMM: QM Region Cartesian Coordinates (*=link atom) 
  QMMM: QM_NO.   MM_NO.  ATOM         X         Y         Z
  QMMM:     1        1      S      134.4611  113.1193  129.0428
  QMMM:     2        2      F      126.1704  116.0983  138.7791
  QMMM:     3        3      F      126.1434  116.5914  136.6743
  QMMM:     4        4      F      125.7587  118.1406  138.1562
  QMMM:     5        5      O      133.6038  112.3362  129.8349
  QMMM:     6        6      O      134.1920  113.1178  127.6660
  QMMM:     7        7      O      137.3783  114.3758  128.6390
  QMMM:     8        8      O      130.6328  119.0882  131.9843
  QMMM:     9        9      N      134.6183  114.6366  129.6081
  QMMM:    10       10      N      128.6153  117.6775  139.2836
  QMMM:    11       11      N      129.0204  116.5106  138.6403
  QMMM:    12       12      N      130.6470  117.5732  133.7409
  QMMM:    13       13      N      130.2362  115.2505  131.7943
  QMMM:    14       14      C      136.0656  112.5093  129.2628
  QMMM:    15       15      C      137.0920  113.0295  128.2791
  QMMM:    16       16      C      130.1223  113.8005  131.8967
  QMMM:    17       17      C      129.0917  115.8528  131.1129
  QMMM:    18       18      C      128.5818  120.1753  135.4469
  QMMM:    19       19      C      129.3975  119.5752  134.4915
  QMMM:    20       20      C      134.0256  116.7660  130.6173
  QMMM:    21       21      C      128.1528  119.4741  136.5695
  QMMM:    22       22      C      133.1195  117.5608  131.3014
  QMMM:    23       23      C      128.8266  113.3721  132.5885
  QMMM:    24       24      C      127.7604  115.4761  131.7638
  QMMM:    25       25      C      126.8541  113.1977  130.9106
  QMMM:    26       26      C      126.2632  113.4312  132.2666
  QMMM:    27       27      C      132.4219  114.9368  130.6673
  QMMM:    28       28      C      129.3611  117.5183  135.7907
  QMMM:    29       29      C      130.9847  117.9925  132.4597
  QMMM:    30       30      C      133.6887  115.4295  130.2967
  QMMM:    31       31      C      129.8014  118.2314  134.6465
  QMMM:    32       32      C      131.4993  115.7428  131.3664
  QMMM:    33       33      C      128.5478  118.1418  136.7333
  QMMM:    34       34      C      131.8756  117.0662  131.6973
  QMMM:    35       35      C      126.5620  117.0660  137.8880
  QMMM:    36       36      C      128.0947  117.4017  137.9434
  QMMM:    37       37      C      127.6259  113.9924  131.9381
  QMMM:    38       38      H      138.0200  114.7067  128.0001
  QMMM:    39       39      H      135.4737  115.1275  129.4281
  QMMM:    40       40      H      129.3591  118.3638  139.3220
  QMMM:    41       41      H      128.5935  115.6918  139.0606
  QMMM:    42       42      H      130.8830  116.6329  133.9802
  QMMM:    43       43      H      136.0315  111.3906  129.1533
  QMMM:    44       44      H      136.4472  112.6939  130.3025
  QMMM:    45       45      H      138.0317  112.4180  128.3352
  QMMM:    46       46      H      136.6852  112.9915  127.2304
  QMMM:    47       47      H      130.9993  113.4216  132.4924
  QMMM:    48       48      H      130.1529  113.3102  130.8791
  QMMM:    49       49      H      129.0637  115.5365  130.0290
  QMMM:    50       50      H      129.2077  116.9733  131.1415
  QMMM:    51       51      H      128.2729  121.2230  135.3077
  QMMM:    52       52      H      129.7181  120.1603  133.6130
  QMMM:    53       53      H      135.0008  117.1849  130.3268
  QMMM:    54       54      H      127.4985  119.9511  137.3146
  QMMM:    55       55      H      133.3793  118.6059  131.5399
  QMMM:    56       56      H      128.8520  113.6727  133.6691
  QMMM:    57       57      H      128.7655  112.2533  132.5453
  QMMM:    58       58      H      126.9354  115.8733  131.1163
  QMMM:    59       59      H      127.6742  115.9694  132.7681
  QMMM:    60       60      H      126.4276  113.7269  130.0400
  QMMM:    61       61      H      127.2086  112.1858  130.6452
  QMMM:    62       62      H      126.1949  112.5876  132.9761
  QMMM:    63       63      H      125.4143  114.1299  132.3711
  QMMM:    64       64      H      132.1437  113.8974  130.4184
  QMMM:    65       65      H      129.6608  116.4692  135.9422

           --------- Calculation Completed ----------

